d:\qvge-master\graph\src\baseio\debug\cformatgraphml.obj
d:\qvge-master\graph\src\baseio\debug\cformatplaindot.obj
d:\qvge-master\graph\src\baseio\debug\cgraphbase.obj
d:\qvge-master\graph\src\baseio\debug\cformatdot.obj
d:\qvge-master\graph\src\baseio\debug\baseio.pdb
d:\qvge-master\graph\src\baseio\debug\moc_predefs.h
d:\qvge-master\graph\src\lib.debug\qvgeio.lib
d:\graph\src\baseio\debug\cformatdot.obj
d:\graph\src\baseio\debug\cformatgraphml.obj
d:\graph\src\baseio\debug\cformatplaindot.obj
d:\graph\src\baseio\debug\cgraphbase.obj
d:\graph\src\baseio\debug\baseio.pdb
d:\graph\src\baseio\..\lib.debug\qvgeio.lib
d:\graph\src\baseio\debug\baseio.tlog\cl.10568.write.1.tlog
d:\graph\src\baseio\debug\baseio.tlog\cl.command.1.tlog
d:\graph\src\baseio\debug\baseio.tlog\cl.read.1.tlog
d:\graph\src\baseio\debug\baseio.tlog\custombuild.command.1.tlog
d:\graph\src\baseio\debug\baseio.tlog\custombuild.read.1.tlog
d:\graph\src\baseio\debug\baseio.tlog\custombuild.write.1.tlog
d:\graph\src\baseio\debug\baseio.tlog\lib-link.read.1.tlog
d:\graph\src\baseio\debug\baseio.tlog\lib-link.write.1.tlog
d:\graph\src\baseio\debug\baseio.tlog\lib.command.1.tlog
