d:\coding\codes\graph_plus\baseioui\ui_ccsvimportdialog.h
d:\coding\codes\graph_plus\baseioui\ui_ccreatetreedialog.h
d:\coding\codes\graph_plus\baseioui\ui_cdotexportdialog.h
d:\coding\codes\graph_plus\baseioui\ui_cimageexportdialog.h
d:\coding\codes\graph_plus\baseioui\debug\moc_ccsvimportdialog.cpp
d:\coding\codes\graph_plus\baseioui\debug\moc_ccreatetreedialog.cpp
d:\coding\codes\graph_plus\baseioui\debug\moc_cdotexportdialog.cpp
d:\coding\codes\graph_plus\baseioui\debug\moc_cimageexportdialog.cpp
d:\coding\codes\graph_plus\baseioui\debug\moc_cimportexportuicontroller.cpp
d:\coding\codes\graph_plus\baseioui\debug\moc_cdotexportdialog.obj
d:\coding\codes\graph_plus\baseioui\debug\moc_cimageexportdialog.obj
d:\coding\codes\graph_plus\baseioui\debug\moc_ccreatetreedialog.obj
d:\coding\codes\graph_plus\baseioui\debug\moc_ccsvimportdialog.obj
d:\coding\codes\graph_plus\baseioui\debug\moc_cimportexportuicontroller.obj
d:\coding\codes\graph_plus\baseioui\debug\ccsvimportdialog.obj
d:\coding\codes\graph_plus\baseioui\debug\cimageexportdialog.obj
d:\coding\codes\graph_plus\baseioui\debug\cdotexportdialog.obj
d:\coding\codes\graph_plus\baseioui\debug\ceasytablewidget.obj
d:\coding\codes\graph_plus\baseioui\debug\ccreatetreedialog.obj
d:\coding\codes\graph_plus\baseioui\debug\cimportexportuicontroller.obj
d:\coding\codes\graph_plus\baseioui\debug\baseioui.pdb
d:\coding\codes\graph_plus\baseioui\debug\moc_predefs.h
d:\coding\codes\graph_plus\lib.debug\qvgeioui.lib
d:\coding\codes\graph_plus\baseioui\..\lib.debug\qvgeioui.lib
d:\coding\codes\graph_plus\baseioui\debug\baseioui.tlog\baseioui.write.1u.tlog
d:\coding\codes\graph_plus\baseioui\debug\baseioui.tlog\cl.10436.write.1.tlog
d:\coding\codes\graph_plus\baseioui\debug\baseioui.tlog\cl.command.1.tlog
d:\coding\codes\graph_plus\baseioui\debug\baseioui.tlog\cl.read.1.tlog
d:\coding\codes\graph_plus\baseioui\debug\baseioui.tlog\custombuild.command.1.tlog
d:\coding\codes\graph_plus\baseioui\debug\baseioui.tlog\custombuild.read.1.tlog
d:\coding\codes\graph_plus\baseioui\debug\baseioui.tlog\custombuild.write.1.tlog
d:\coding\codes\graph_plus\baseioui\debug\baseioui.tlog\lib-link.read.1.tlog
d:\coding\codes\graph_plus\baseioui\debug\baseioui.tlog\lib-link.write.1.tlog
d:\coding\codes\graph_plus\baseioui\debug\baseioui.tlog\lib.command.1.tlog
d:\coding\codes\graph_plus\baseioui\debug\baseioui.tlog\moc.read.1u.tlog
d:\coding\codes\graph_plus\baseioui\debug\baseioui.tlog\moc.write.1u.tlog
d:\coding\codes\graph_plus\baseioui\debug\baseioui.tlog\uic.read.1u.tlog
d:\coding\codes\graph_plus\baseioui\debug\baseioui.tlog\uic.write.1u.tlog
