C:\Program Files (x86)\Microsoft Visual Studio\2017\Community\Common7\IDE\VC\VCTargets\Microsoft.CppBuild.targets(391,5): warning MSB8028: 中间目录(debug\)包含从另一个项目(qvgeioui.vcxproj)共享的文件。   这会导致错误的清除和重新生成行为。
  Generate moc_predefs.h
  Uic'ing CCSVImportDialog.ui...
  Uic'ing CCreateTreeDialog.ui...
  Uic'ing CDOTExportDialog.ui...
  Uic'ing CImageExportDialog.ui...
  Moc'ing CCSVImportDialog.h...
  Moc'ing CCreateTreeDialog.h...
  Moc'ing CDOTExportDialog.h...
  Moc'ing CImageExportDialog.h...
  Moc'ing CImportExportUIController.h...
  CCSVImportDialog.cpp
  CCreateTreeDialog.cpp
  CDOTExportDialog.cpp
  CEasyTableWidget.cpp
  CImageExportDialog.cpp
  CImportExportUIController.cpp
d:\qvge-master\graph\src\appbase\cmainwindow.h(96): warning C4100: “docType”: 未引用的形参 (编译源文件 CImportExportUIController.cpp)
d:\qvge-master\graph\src\appbase\cmainwindow.h(100): warning C4100: “docType”: 未引用的形参 (编译源文件 CImportExportUIController.cpp)
d:\qvge-master\graph\src\appbase\cmainwindow.h(100): warning C4100: “fileName”: 未引用的形参 (编译源文件 CImportExportUIController.cpp)
d:\qvge-master\graph\src\appbase\cmainwindow.h(103): warning C4100: “filter”: 未引用的形参 (编译源文件 CImportExportUIController.cpp)
d:\qvge-master\graph\src\appbase\cmainwindow.h(103): warning C4100: “title”: 未引用的形参 (编译源文件 CImportExportUIController.cpp)
d:\qvge-master\graph\src\appbase\cmainwindow.h(105): warning C4100: “docType”: 未引用的形参 (编译源文件 CImportExportUIController.cpp)
d:\qvge-master\graph\src\appbase\cmainwindow.h(105): warning C4100: “selectedFilter”: 未引用的形参 (编译源文件 CImportExportUIController.cpp)
d:\qvge-master\graph\src\appbase\cmainwindow.h(105): warning C4100: “fileName”: 未引用的形参 (编译源文件 CImportExportUIController.cpp)
d:\qvge-master\graph\src\base\citem.h(125): warning C4100: “changePos”: 未引用的形参 (编译源文件 CImportExportUIController.cpp)
d:\qvge-master\graph\src\base\citem.h(125): warning C4100: “changeSize”: 未引用的形参 (编译源文件 CImportExportUIController.cpp)
d:\qvge-master\graph\src\base\citem.h(124): warning C4100: “yc”: 未引用的形参 (编译源文件 CImportExportUIController.cpp)
d:\qvge-master\graph\src\base\citem.h(124): warning C4100: “xc”: 未引用的形参 (编译源文件 CImportExportUIController.cpp)
d:\qvge-master\graph\src\base\citem.h(123): warning C4100: “newRect”: 未引用的形参 (编译源文件 CImportExportUIController.cpp)
d:\qvge-master\graph\src\base\citem.h(123): warning C4100: “oldRect”: 未引用的形参 (编译源文件 CImportExportUIController.cpp)
  moc_CCSVImportDialog.cpp
  moc_CCreateTreeDialog.cpp
  moc_CDOTExportDialog.cpp
  moc_CImageExportDialog.cpp
  moc_CImportExportUIController.cpp
  qvgeioui.vcxproj -> D:\qvge-master\Graph\src\baseioui\..\lib.debug\qvgeioui.lib
