d:\binarytreesearch(1)\binarytreesearch\src\commonui\debug\ccommutationtable.obj
d:\binarytreesearch(1)\binarytreesearch\src\commonui\debug\cnodesfactordialog.obj
d:\binarytreesearch(1)\binarytreesearch\src\commonui\debug\csearchdialog.obj
d:\binarytreesearch(1)\binarytreesearch\src\commonui\debug\cattributeseditorui.obj
d:\binarytreesearch(1)\binarytreesearch\src\commonui\debug\cnodeeditoruicontroller.obj
d:\binarytreesearch(1)\binarytreesearch\src\commonui\debug\cstartpage.obj
d:\binarytreesearch(1)\binarytreesearch\src\commonui\debug\ccolorschemesuicontroller.obj
d:\binarytreesearch(1)\binarytreesearch\src\commonui\debug\cmainwindow.obj
d:\binarytreesearch(1)\binarytreesearch\src\commonui\debug\cquickhelpui.obj
d:\binarytreesearch(1)\binarytreesearch\src\commonui\debug\bigroot.obj
d:\binarytreesearch(1)\binarytreesearch\src\commonui\debug\cgvgraphlayoutuicontroller.obj
d:\binarytreesearch(1)\binarytreesearch\src\commonui\debug\cpropertyeditoruibase.obj
d:\binarytreesearch(1)\binarytreesearch\src\commonui\debug\cclassattributeseditorui.obj
d:\binarytreesearch(1)\binarytreesearch\src\commonui\debug\cnodeporteditordialog.obj
d:\binarytreesearch(1)\binarytreesearch\src\commonui\debug\cscenemenuuicontroller.obj
d:\binarytreesearch(1)\binarytreesearch\src\commonui\debug\avltree.obj
d:\binarytreesearch(1)\binarytreesearch\src\commonui\debug\cnewattributedialog.obj
d:\binarytreesearch(1)\binarytreesearch\src\commonui\debug\cplatformwin32.obj
d:\binarytreesearch(1)\binarytreesearch\src\commonui\debug\btreepainterui.obj
d:\binarytreesearch(1)\binarytreesearch\src\commonui\debug\cnodeedgepropertiesui.obj
d:\binarytreesearch(1)\binarytreesearch\src\commonui\debug\csceneoptionsdialog.obj
d:\binarytreesearch(1)\binarytreesearch\src\commonui\debug\btree.obj
d:\binarytreesearch(1)\binarytreesearch\src\commonui\debug\cextlistinputdialog.obj
d:\binarytreesearch(1)\binarytreesearch\src\commonui\debug\cplatformservices.obj
d:\binarytreesearch(1)\binarytreesearch\src\lib.debug\commonui.pdb
d:\binarytreesearch(1)\binarytreesearch\src\commonui\debug\qrc_commonui.obj
d:\binarytreesearch(1)\binarytreesearch\src\commonui\debug\qrc_appbase.obj
d:\binarytreesearch(1)\binarytreesearch\src\commonui\debug\moc_cgvgraphlayoutuicontroller.obj
d:\binarytreesearch(1)\binarytreesearch\src\commonui\debug\moc_cnewattributedialog.obj
d:\binarytreesearch(1)\binarytreesearch\src\commonui\debug\moc_csceneoptionsdialog.obj
d:\binarytreesearch(1)\binarytreesearch\src\commonui\debug\moc_ccolorschemesuicontroller.obj
d:\binarytreesearch(1)\binarytreesearch\src\commonui\debug\moc_cnodeeditoruicontroller.obj
d:\binarytreesearch(1)\binarytreesearch\src\commonui\debug\moc_cclassattributeseditorui.obj
d:\binarytreesearch(1)\binarytreesearch\src\commonui\debug\moc_cquickhelpui.obj
d:\binarytreesearch(1)\binarytreesearch\src\commonui\debug\moc_ccommutationtable.obj
d:\binarytreesearch(1)\binarytreesearch\src\commonui\debug\moc_cpropertyeditoruibase.obj
d:\binarytreesearch(1)\binarytreesearch\src\commonui\debug\moc_cmainwindow.obj
d:\binarytreesearch(1)\binarytreesearch\src\commonui\debug\moc_cnodeporteditordialog.obj
d:\binarytreesearch(1)\binarytreesearch\src\commonui\debug\moc_csearchdialog.obj
d:\binarytreesearch(1)\binarytreesearch\src\commonui\debug\moc_cextlistinputdialog.obj
d:\binarytreesearch(1)\binarytreesearch\src\commonui\debug\moc_cnodeedgepropertiesui.obj
d:\binarytreesearch(1)\binarytreesearch\src\commonui\debug\moc_cattributeseditorui.obj
d:\binarytreesearch(1)\binarytreesearch\src\commonui\debug\moc_cnodesfactordialog.obj
d:\binarytreesearch(1)\binarytreesearch\src\commonui\debug\moc_cstartpage.obj
d:\binarytreesearch(1)\binarytreesearch\src\commonui\debug\moc_btreepainterui.obj
d:\binarytreesearch(1)\binarytreesearch\src\commonui\debug\moc_cscenemenuuicontroller.obj
d:\binarytreesearch(1)\binarytreesearch\src\commonui\ui_btreepainterui.h
d:\binarytreesearch(1)\binarytreesearch\src\commonui\ui_cattributeseditorui.h
d:\binarytreesearch(1)\binarytreesearch\src\commonui\ui_cclassattributeseditorui.h
d:\binarytreesearch(1)\binarytreesearch\src\commonui\ui_ccommutationtable.h
d:\binarytreesearch(1)\binarytreesearch\src\commonui\ui_cextlistinputdialog.h
d:\binarytreesearch(1)\binarytreesearch\src\commonui\ui_cnewattributedialog.h
d:\binarytreesearch(1)\binarytreesearch\src\commonui\ui_cnodeedgepropertiesui.h
d:\binarytreesearch(1)\binarytreesearch\src\commonui\ui_cnodeporteditordialog.h
d:\binarytreesearch(1)\binarytreesearch\src\commonui\ui_cnodesfactordialog.h
d:\binarytreesearch(1)\binarytreesearch\src\commonui\ui_cquickhelpui.h
d:\binarytreesearch(1)\binarytreesearch\src\commonui\ui_csceneoptionsdialog.h
d:\binarytreesearch(1)\binarytreesearch\src\commonui\ui_csearchdialog.h
d:\binarytreesearch(1)\binarytreesearch\src\commonui\ui_cstartpage.h
d:\binarytreesearch(1)\binarytreesearch\src\commonui\debug\qrc_appbase.cpp
d:\binarytreesearch(1)\binarytreesearch\src\commonui\debug\qrc_commonui.cpp
d:\binarytreesearch(1)\binarytreesearch\src\commonui\debug\moc_btreepainterui.cpp
d:\binarytreesearch(1)\binarytreesearch\src\commonui\debug\moc_cattributeseditorui.cpp
d:\binarytreesearch(1)\binarytreesearch\src\commonui\debug\moc_cclassattributeseditorui.cpp
d:\binarytreesearch(1)\binarytreesearch\src\commonui\debug\moc_ccolorschemesuicontroller.cpp
d:\binarytreesearch(1)\binarytreesearch\src\commonui\debug\moc_ccommutationtable.cpp
d:\binarytreesearch(1)\binarytreesearch\src\commonui\debug\moc_cextlistinputdialog.cpp
d:\binarytreesearch(1)\binarytreesearch\src\commonui\debug\moc_cgvgraphlayoutuicontroller.cpp
d:\binarytreesearch(1)\binarytreesearch\src\commonui\debug\moc_cmainwindow.cpp
d:\binarytreesearch(1)\binarytreesearch\src\commonui\debug\moc_cnewattributedialog.cpp
d:\binarytreesearch(1)\binarytreesearch\src\commonui\debug\moc_cnodeedgepropertiesui.cpp
d:\binarytreesearch(1)\binarytreesearch\src\commonui\debug\moc_cnodeeditoruicontroller.cpp
d:\binarytreesearch(1)\binarytreesearch\src\commonui\debug\moc_cnodeporteditordialog.cpp
d:\binarytreesearch(1)\binarytreesearch\src\commonui\debug\moc_cnodesfactordialog.cpp
d:\binarytreesearch(1)\binarytreesearch\src\commonui\debug\moc_cpropertyeditoruibase.cpp
d:\binarytreesearch(1)\binarytreesearch\src\commonui\debug\moc_cquickhelpui.cpp
d:\binarytreesearch(1)\binarytreesearch\src\commonui\debug\moc_cscenemenuuicontroller.cpp
d:\binarytreesearch(1)\binarytreesearch\src\commonui\debug\moc_csceneoptionsdialog.cpp
d:\binarytreesearch(1)\binarytreesearch\src\commonui\debug\moc_csearchdialog.cpp
d:\binarytreesearch(1)\binarytreesearch\src\commonui\debug\moc_cstartpage.cpp
d:\binarytreesearch(1)\binarytreesearch\src\commonui\debug\moc_predefs.h
d:\binarytreesearch(1)\binarytreesearch\src\lib.debug\commonui.lib
d:\binarytreesearch(1)\binarytreesearch\src\commonui\debug\commonui.tlog\cl.command.1.tlog
d:\binarytreesearch(1)\binarytreesearch\src\commonui\debug\commonui.tlog\cl.read.1.tlog
d:\binarytreesearch(1)\binarytreesearch\src\commonui\debug\commonui.tlog\cl.write.1.tlog
d:\binarytreesearch(1)\binarytreesearch\src\commonui\debug\commonui.tlog\commonui.write.1u.tlog
d:\binarytreesearch(1)\binarytreesearch\src\commonui\debug\commonui.tlog\custombuild.command.1.tlog
d:\binarytreesearch(1)\binarytreesearch\src\commonui\debug\commonui.tlog\custombuild.read.1.tlog
d:\binarytreesearch(1)\binarytreesearch\src\commonui\debug\commonui.tlog\custombuild.write.1.tlog
d:\binarytreesearch(1)\binarytreesearch\src\commonui\debug\commonui.tlog\lib-link.read.1.tlog
d:\binarytreesearch(1)\binarytreesearch\src\commonui\debug\commonui.tlog\lib-link.write.1.tlog
d:\binarytreesearch(1)\binarytreesearch\src\commonui\debug\commonui.tlog\lib.command.1.tlog
d:\binarytreesearch(1)\binarytreesearch\src\commonui\debug\commonui.tlog\moc.read.1u.tlog
d:\binarytreesearch(1)\binarytreesearch\src\commonui\debug\commonui.tlog\moc.write.1u.tlog
d:\binarytreesearch(1)\binarytreesearch\src\commonui\debug\commonui.tlog\rcc.read.1u.tlog
d:\binarytreesearch(1)\binarytreesearch\src\commonui\debug\commonui.tlog\rcc.write.1u.tlog
d:\binarytreesearch(1)\binarytreesearch\src\commonui\debug\commonui.tlog\uic.read.1u.tlog
d:\binarytreesearch(1)\binarytreesearch\src\commonui\debug\commonui.tlog\uic.write.1u.tlog
