d:\binarytreesearch(1)\binarytreesearch\src\base\debug\moc_bubblesort.cpp
d:\binarytreesearch(1)\binarytreesearch\src\base\debug\moc_quicksort.cpp
d:\binarytreesearch(1)\binarytreesearch\src\base\debug\moc_selectionsort.cpp
d:\binarytreesearch(1)\binarytreesearch\src\base\debug\moc_ccontrolpoint.cpp
d:\binarytreesearch(1)\binarytreesearch\src\base\debug\moc_ceditorscene.cpp
d:\binarytreesearch(1)\binarytreesearch\src\base\debug\moc_ceditorview.cpp
d:\binarytreesearch(1)\binarytreesearch\src\base\debug\moc_cnodeeditorscene.cpp
d:\binarytreesearch(1)\binarytreesearch\src\base\debug\moc_cnodesceneactions.cpp
d:\binarytreesearch(1)\binarytreesearch\src\base\debug\moc_ctextlabeledit.cpp
d:\binarytreesearch(1)\binarytreesearch\src\base\debug\moc_ctransformrect.cpp
d:\binarytreesearch(1)\binarytreesearch\src\base\debug\cdiffundomanager.obj
d:\binarytreesearch(1)\binarytreesearch\src\base\debug\cfileserializercsv.obj
d:\binarytreesearch(1)\binarytreesearch\src\base\debug\cimageexport.obj
d:\binarytreesearch(1)\binarytreesearch\src\base\debug\csvgexport.obj
d:\binarytreesearch(1)\binarytreesearch\src\base\debug\sortobejct.obj
d:\binarytreesearch(1)\binarytreesearch\src\base\debug\cedge.obj
d:\binarytreesearch(1)\binarytreesearch\src\base\debug\cfileserializerplaindot.obj
d:\binarytreesearch(1)\binarytreesearch\src\base\debug\cnodeport.obj
d:\binarytreesearch(1)\binarytreesearch\src\base\debug\ctextlabeledit.obj
d:\binarytreesearch(1)\binarytreesearch\src\base\debug\cdirectedge.obj
d:\binarytreesearch(1)\binarytreesearch\src\base\debug\cfileserializergraphml.obj
d:\binarytreesearch(1)\binarytreesearch\src\base\debug\cnodesceneactions.obj
d:\binarytreesearch(1)\binarytreesearch\src\base\debug\ctransformrect.obj
d:\binarytreesearch(1)\binarytreesearch\src\base\debug\ceditorsceneactions.obj
d:\binarytreesearch(1)\binarytreesearch\src\base\debug\cfileserializergexf.obj
d:\binarytreesearch(1)\binarytreesearch\src\base\debug\cnode.obj
d:\binarytreesearch(1)\binarytreesearch\src\base\debug\cutils.obj
d:\binarytreesearch(1)\binarytreesearch\src\base\debug\ceditorscene.obj
d:\binarytreesearch(1)\binarytreesearch\src\base\debug\cfileserializerxgr.obj
d:\binarytreesearch(1)\binarytreesearch\src\base\debug\cpdfexport.obj
d:\binarytreesearch(1)\binarytreesearch\src\base\debug\selectionsort.obj
d:\binarytreesearch(1)\binarytreesearch\src\base\debug\cattribute.obj
d:\binarytreesearch(1)\binarytreesearch\src\base\debug\cfileserializerdot.obj
d:\binarytreesearch(1)\binarytreesearch\src\base\debug\citem.obj
d:\binarytreesearch(1)\binarytreesearch\src\base\debug\csimpleundomanager.obj
d:\binarytreesearch(1)\binarytreesearch\src\base\debug\ccontrolpoint.obj
d:\binarytreesearch(1)\binarytreesearch\src\base\debug\ceditorview.obj
d:\binarytreesearch(1)\binarytreesearch\src\base\debug\cnodeeditorscene.obj
d:\binarytreesearch(1)\binarytreesearch\src\base\debug\quicksort.obj
d:\binarytreesearch(1)\binarytreesearch\src\base\debug\bubblesort.obj
d:\binarytreesearch(1)\binarytreesearch\src\base\debug\ceditorscene_p.obj
d:\binarytreesearch(1)\binarytreesearch\src\base\debug\cgraphinterface.obj
d:\binarytreesearch(1)\binarytreesearch\src\base\debug\cpolyedge.obj
d:\binarytreesearch(1)\binarytreesearch\src\base\debug\sortcreator.obj
d:\binarytreesearch(1)\binarytreesearch\src\lib.debug\qvge.pdb
d:\binarytreesearch(1)\binarytreesearch\src\base\debug\moc_selectionsort.obj
d:\binarytreesearch(1)\binarytreesearch\src\base\debug\moc_cnodeeditorscene.obj
d:\binarytreesearch(1)\binarytreesearch\src\base\debug\moc_quicksort.obj
d:\binarytreesearch(1)\binarytreesearch\src\base\debug\moc_ctextlabeledit.obj
d:\binarytreesearch(1)\binarytreesearch\src\base\debug\moc_cnodesceneactions.obj
d:\binarytreesearch(1)\binarytreesearch\src\base\debug\moc_ctransformrect.obj
d:\binarytreesearch(1)\binarytreesearch\src\base\debug\moc_bubblesort.obj
d:\binarytreesearch(1)\binarytreesearch\src\base\debug\moc_ccontrolpoint.obj
d:\binarytreesearch(1)\binarytreesearch\src\base\debug\moc_ceditorview.obj
d:\binarytreesearch(1)\binarytreesearch\src\base\debug\moc_ceditorscene.obj
d:\binarytreesearch(1)\binarytreesearch\src\base\debug\moc_predefs.h
d:\binarytreesearch(1)\binarytreesearch\src\lib.debug\qvge.lib
d:\binarytreesearch(1)\binarytreesearch\src\base\debug\base.tlog\base.write.1u.tlog
d:\binarytreesearch(1)\binarytreesearch\src\base\debug\base.tlog\cl.10360.write.1.tlog
d:\binarytreesearch(1)\binarytreesearch\src\base\debug\base.tlog\cl.command.1.tlog
d:\binarytreesearch(1)\binarytreesearch\src\base\debug\base.tlog\cl.read.1.tlog
d:\binarytreesearch(1)\binarytreesearch\src\base\debug\base.tlog\custombuild.command.1.tlog
d:\binarytreesearch(1)\binarytreesearch\src\base\debug\base.tlog\custombuild.read.1.tlog
d:\binarytreesearch(1)\binarytreesearch\src\base\debug\base.tlog\custombuild.write.1.tlog
d:\binarytreesearch(1)\binarytreesearch\src\base\debug\base.tlog\lib-link.read.1.tlog
d:\binarytreesearch(1)\binarytreesearch\src\base\debug\base.tlog\lib-link.write.1.tlog
d:\binarytreesearch(1)\binarytreesearch\src\base\debug\base.tlog\lib.command.1.tlog
d:\binarytreesearch(1)\binarytreesearch\src\base\debug\base.tlog\moc.read.1u.tlog
d:\binarytreesearch(1)\binarytreesearch\src\base\debug\base.tlog\moc.write.1u.tlog
