d:\先根后根遍历graph\07graph\common\commonmoduels\debug\moc_ccontrolpoint.obj
d:\先根后根遍历graph\07graph\common\commonmoduels\debug\moc_ctextlabeledit.obj
d:\先根后根遍历graph\07graph\common\commonmoduels\debug\moc_ceditorscene.obj
d:\先根后根遍历graph\07graph\common\commonmoduels\debug\moc_cnodesceneactions.obj
d:\先根后根遍历graph\07graph\common\commonmoduels\debug\moc_ceditorview.obj
d:\先根后根遍历graph\07graph\common\commonmoduels\debug\moc_cnodeeditorscene.obj
d:\先根后根遍历graph\07graph\common\commonmoduels\debug\moc_ctransformrect.obj
d:\先根后根遍历graph\07graph\common\commonmoduels\debug\cfileserializerxgr.obj
d:\先根后根遍历graph\07graph\common\commonmoduels\debug\cpdfexport.obj
d:\先根后根遍历graph\07graph\common\commonmoduels\debug\cfileserializerdot.obj
d:\先根后根遍历graph\07graph\common\commonmoduels\debug\ceditorview.obj
d:\先根后根遍历graph\07graph\common\commonmoduels\debug\ceditorscene_p.obj
d:\先根后根遍历graph\07graph\common\commonmoduels\debug\csimpleundomanager.obj
d:\先根后根遍历graph\07graph\common\commonmoduels\debug\cdiffundomanager.obj
d:\先根后根遍历graph\07graph\common\commonmoduels\debug\cnodeeditorscene.obj
d:\先根后根遍历graph\07graph\common\commonmoduels\debug\cattribute.obj
d:\先根后根遍历graph\07graph\common\commonmoduels\debug\cimageexport.obj
d:\先根后根遍历graph\07graph\common\commonmoduels\debug\cfileserializerplaindot.obj
d:\先根后根遍历graph\07graph\common\commonmoduels\debug\cutils.obj
d:\先根后根遍历graph\07graph\common\commonmoduels\debug\cedge.obj
d:\先根后根遍历graph\07graph\common\commonmoduels\debug\ctransformrect.obj
d:\先根后根遍历graph\07graph\common\commonmoduels\debug\cformatgraphml.obj
d:\先根后根遍历graph\07graph\common\commonmoduels\debug\cnodesceneactions.obj
d:\先根后根遍历graph\07graph\common\commonmoduels\debug\cfileserializergraphml.obj
d:\先根后根遍历graph\07graph\common\commonmoduels\debug\ctextlabeledit.obj
d:\先根后根遍历graph\07graph\common\commonmoduels\debug\cformatdot.obj
d:\先根后根遍历graph\07graph\common\commonmoduels\debug\cnode.obj
d:\先根后根遍历graph\07graph\common\commonmoduels\debug\ceditorscene.obj
d:\先根后根遍历graph\07graph\common\commonmoduels\debug\cformatplaindot.obj
d:\先根后根遍历graph\07graph\common\commonmoduels\debug\cnodeport.obj
d:\先根后根遍历graph\07graph\common\commonmoduels\debug\cgraphinterface.obj
d:\先根后根遍历graph\07graph\common\commonmoduels\debug\cgraphbase.obj
d:\先根后根遍历graph\07graph\common\commonmoduels\debug\citem.obj
d:\先根后根遍历graph\07graph\common\commonmoduels\debug\cfileserializercsv.obj
d:\先根后根遍历graph\07graph\common\commonmoduels\debug\cfileserializergexf.obj
d:\先根后根遍历graph\07graph\common\commonmoduels\debug\ccontrolpoint.obj
d:\先根后根遍历graph\07graph\common\commonmoduels\debug\cpolyedge.obj
d:\先根后根遍历graph\07graph\common\commonmoduels\debug\cdirectedge.obj
d:\先根后根遍历graph\07graph\common\commonmoduels\debug\ceditorsceneactions.obj
d:\先根后根遍历graph\07graph\common\commonmoduels\debug\csvgexport.obj
d:\先根后根遍历graph\07graph\common\commonmoduels\debug\commonmoduels.pdb
d:\先根后根遍历graph\07graph\common\commonmoduels\debug\moc_cnodeeditorscene.cpp
d:\先根后根遍历graph\07graph\common\commonmoduels\debug\moc_ctransformrect.cpp
d:\先根后根遍历graph\07graph\common\commonmoduels\debug\moc_ctextlabeledit.cpp
d:\先根后根遍历graph\07graph\common\commonmoduels\debug\moc_cnodesceneactions.cpp
d:\先根后根遍历graph\07graph\common\commonmoduels\debug\moc_ceditorview.cpp
d:\先根后根遍历graph\07graph\common\commonmoduels\debug\moc_ceditorscene.cpp
d:\先根后根遍历graph\07graph\common\commonmoduels\debug\moc_ccontrolpoint.cpp
d:\先根后根遍历graph\07graph\common\commonmoduels\debug\moc_predefs.h
d:\先根后根遍历graph\07graph\lib.debug\commonmoduels.lib
d:\先根后根遍历graph\07graph\common\commonmoduels\..\..\lib.debug\commonmoduels.lib
d:\先根后根遍历graph\07graph\common\commonmoduels\debug\commonmoduels.tlog\cl.10156.write.1.tlog
d:\先根后根遍历graph\07graph\common\commonmoduels\debug\commonmoduels.tlog\cl.command.1.tlog
d:\先根后根遍历graph\07graph\common\commonmoduels\debug\commonmoduels.tlog\cl.read.1.tlog
d:\先根后根遍历graph\07graph\common\commonmoduels\debug\commonmoduels.tlog\commonmoduels.write.1u.tlog
d:\先根后根遍历graph\07graph\common\commonmoduels\debug\commonmoduels.tlog\custombuild.command.1.tlog
d:\先根后根遍历graph\07graph\common\commonmoduels\debug\commonmoduels.tlog\custombuild.read.1.tlog
d:\先根后根遍历graph\07graph\common\commonmoduels\debug\commonmoduels.tlog\custombuild.write.1.tlog
d:\先根后根遍历graph\07graph\common\commonmoduels\debug\commonmoduels.tlog\lib-link.read.1.tlog
d:\先根后根遍历graph\07graph\common\commonmoduels\debug\commonmoduels.tlog\lib-link.write.1.tlog
d:\先根后根遍历graph\07graph\common\commonmoduels\debug\commonmoduels.tlog\lib.command.1.tlog
d:\先根后根遍历graph\07graph\common\commonmoduels\debug\commonmoduels.tlog\moc.read.1u.tlog
d:\先根后根遍历graph\07graph\common\commonmoduels\debug\commonmoduels.tlog\moc.write.1u.tlog
