c:\users\28190\source\repos\07graph\common\commonui\debug\cimportexportuicontroller.obj
c:\users\28190\source\repos\07graph\common\commonui\debug\cgvgraphlayoutuicontroller.obj
c:\users\28190\source\repos\07graph\common\commonui\debug\ccsvimportdialog.obj
c:\users\28190\source\repos\07graph\common\commonui\debug\csearchdialog.obj
c:\users\28190\source\repos\07graph\common\commonui\debug\cnewattributedialog.obj
c:\users\28190\source\repos\07graph\common\commonui\debug\csceneoptionsdialog.obj
c:\users\28190\source\repos\07graph\common\commonui\debug\cplatformwin32.obj
c:\users\28190\source\repos\07graph\common\commonui\debug\cclassattributeseditorui.obj
c:\users\28190\source\repos\07graph\common\commonui\debug\cattributeseditorui.obj
c:\users\28190\source\repos\07graph\common\commonui\debug\cnodeeditoruicontroller.obj
c:\users\28190\source\repos\07graph\common\commonui\debug\cdotexportdialog.obj
c:\users\28190\source\repos\07graph\common\commonui\debug\cnodeporteditordialog.obj
c:\users\28190\source\repos\07graph\common\commonui\debug\ceasytablewidget.obj
c:\users\28190\source\repos\07graph\common\commonui\debug\cscenemenuuicontroller.obj
c:\users\28190\source\repos\07graph\common\commonui\debug\cnodeedgepropertiesui.obj
c:\users\28190\source\repos\07graph\common\commonui\debug\cextlistinputdialog.obj
c:\users\28190\source\repos\07graph\common\commonui\debug\cquickhelpui.obj
c:\users\28190\source\repos\07graph\common\commonui\debug\ccolorschemesuicontroller.obj
c:\users\28190\source\repos\07graph\common\commonui\debug\cnodesfactordialog.obj
c:\users\28190\source\repos\07graph\common\commonui\debug\cplatformservices.obj
c:\users\28190\source\repos\07graph\common\commonui\debug\qlistnode.obj
c:\users\28190\source\repos\07graph\common\commonui\debug\ccommutationtable.obj
c:\users\28190\source\repos\07graph\common\commonui\debug\cimageexportdialog.obj
c:\users\28190\source\repos\07graph\common\commonui\debug\highlighter.obj
c:\users\28190\source\repos\07graph\common\commonui\debug\ccreatetreedialog.obj
c:\users\28190\source\repos\07graph\common\commonui\debug\cpropertyeditoruibase.obj
c:\users\28190\source\repos\07graph\common\commonui\ui_cattributeseditorui.h
c:\users\28190\source\repos\07graph\common\commonui\ui_cclassattributeseditorui.h
c:\users\28190\source\repos\07graph\common\commonui\ui_ccommutationtable.h
c:\users\28190\source\repos\07graph\common\commonui\ui_ccreatetreedialog.h
c:\users\28190\source\repos\07graph\common\commonui\ui_ccsvimportdialog.h
c:\users\28190\source\repos\07graph\common\commonui\ui_cdotexportdialog.h
c:\users\28190\source\repos\07graph\common\commonui\ui_cextlistinputdialog.h
c:\users\28190\source\repos\07graph\common\commonui\ui_cimageexportdialog.h
c:\users\28190\source\repos\07graph\common\commonui\ui_clinklisteditorui.h
c:\users\28190\source\repos\07graph\common\commonui\ui_cnewattributedialog.h
c:\users\28190\source\repos\07graph\common\commonui\ui_cnodeedgepropertiesui.h
c:\users\28190\source\repos\07graph\common\commonui\ui_cnodeporteditordialog.h
c:\users\28190\source\repos\07graph\common\commonui\ui_cnodesfactordialog.h
c:\users\28190\source\repos\07graph\common\commonui\ui_cquickhelpui.h
c:\users\28190\source\repos\07graph\common\commonui\ui_csceneoptionsdialog.h
c:\users\28190\source\repos\07graph\common\commonui\ui_csearchdialog.h
c:\users\28190\source\repos\07graph\common\commonui\ui_painterdemo.h
c:\users\28190\source\repos\07graph\common\commonui\ui_qtwidgetsclass.h
c:\users\28190\source\repos\07graph\common\commonui\debug\qrc_appbase.cpp
c:\users\28190\source\repos\07graph\common\commonui\debug\qrc_commonui.cpp
c:\users\28190\source\repos\07graph\common\commonui\debug\moc_highlighter.cpp
c:\users\28190\source\repos\07graph\common\commonui\debug\moc_ccreatetreedialog.cpp
c:\users\28190\source\repos\07graph\common\commonui\debug\moc_ccsvimportdialog.cpp
c:\users\28190\source\repos\07graph\common\commonui\debug\moc_cdotexportdialog.cpp
c:\users\28190\source\repos\07graph\common\commonui\debug\moc_cimageexportdialog.cpp
c:\users\28190\source\repos\07graph\common\commonui\debug\moc_cimportexportuicontroller.cpp
c:\users\28190\source\repos\07graph\common\commonui\debug\moc_cmainwindow.cpp
c:\users\28190\source\repos\07graph\common\commonui\debug\moc_cattributeseditorui.cpp
c:\users\28190\source\repos\07graph\common\commonui\debug\moc_cclassattributeseditorui.cpp
c:\users\28190\source\repos\07graph\common\commonui\debug\moc_ccolorschemesuicontroller.cpp
c:\users\28190\source\repos\07graph\common\commonui\debug\moc_ccommutationtable.cpp
c:\users\28190\source\repos\07graph\common\commonui\debug\moc_cextlistinputdialog.cpp
c:\users\28190\source\repos\07graph\common\commonui\debug\moc_cgvgraphlayoutuicontroller.cpp
c:\users\28190\source\repos\07graph\common\commonui\debug\moc_cnewattributedialog.cpp
c:\users\28190\source\repos\07graph\common\commonui\debug\moc_cnodeedgepropertiesui.cpp
c:\users\28190\source\repos\07graph\common\commonui\debug\moc_cnodeeditoruicontroller.cpp
c:\users\28190\source\repos\07graph\common\commonui\debug\moc_cnodeporteditordialog.cpp
c:\users\28190\source\repos\07graph\common\commonui\debug\moc_cnodesfactordialog.cpp
c:\users\28190\source\repos\07graph\common\commonui\debug\moc_cpropertyeditoruibase.cpp
c:\users\28190\source\repos\07graph\common\commonui\debug\moc_cquickhelpui.cpp
c:\users\28190\source\repos\07graph\common\commonui\debug\moc_cscenemenuuicontroller.cpp
c:\users\28190\source\repos\07graph\common\commonui\debug\moc_csceneoptionsdialog.cpp
c:\users\28190\source\repos\07graph\common\commonui\debug\moc_csearchdialog.cpp
c:\users\28190\source\repos\07graph\common\commonui\debug\moc_predefs.h
c:\users\28190\source\repos\07graph\common\commonui\debug\commonui.pdb
c:\users\28190\source\repos\07graph\common\commonui\debug\commonui.tlog\cl.12976.write.1.tlog
c:\users\28190\source\repos\07graph\common\commonui\debug\commonui.tlog\cl.command.1.tlog
c:\users\28190\source\repos\07graph\common\commonui\debug\commonui.tlog\cl.read.1.tlog
c:\users\28190\source\repos\07graph\common\commonui\debug\commonui.tlog\commonui.write.1u.tlog
c:\users\28190\source\repos\07graph\common\commonui\debug\commonui.tlog\custombuild.command.1.tlog
c:\users\28190\source\repos\07graph\common\commonui\debug\commonui.tlog\custombuild.read.1.tlog
c:\users\28190\source\repos\07graph\common\commonui\debug\commonui.tlog\custombuild.write.1.tlog
c:\users\28190\source\repos\07graph\common\commonui\debug\commonui.tlog\moc.read.1u.tlog
c:\users\28190\source\repos\07graph\common\commonui\debug\commonui.tlog\moc.write.1u.tlog
c:\users\28190\source\repos\07graph\common\commonui\debug\commonui.tlog\rcc.read.1u.tlog
c:\users\28190\source\repos\07graph\common\commonui\debug\commonui.tlog\rcc.write.1u.tlog
c:\users\28190\source\repos\07graph\common\commonui\debug\commonui.tlog\uic.read.1u.tlog
c:\users\28190\source\repos\07graph\common\commonui\debug\commonui.tlog\uic.write.1u.tlog
