d:\datastructureqt\2023\no.13\common\commonmoduels\debug\moc_cnodeeditorscene.obj
d:\datastructureqt\2023\no.13\common\commonmoduels\debug\moc_ceditorview.obj
d:\datastructureqt\2023\no.13\common\commonmoduels\debug\moc_ceditorscene.obj
d:\datastructureqt\2023\no.13\common\commonmoduels\debug\moc_cnodesceneactions.obj
d:\datastructureqt\2023\no.13\common\commonmoduels\debug\moc_ctransformrect.obj
d:\datastructureqt\2023\no.13\common\commonmoduels\debug\moc_sortcreator.obj
d:\datastructureqt\2023\no.13\common\commonmoduels\debug\moc_quicksort.obj
d:\datastructureqt\2023\no.13\common\commonmoduels\debug\moc_sortobejct.obj
d:\datastructureqt\2023\no.13\common\commonmoduels\debug\moc_bubblesort.obj
d:\datastructureqt\2023\no.13\common\commonmoduels\debug\moc_ctextlabeledit.obj
d:\datastructureqt\2023\no.13\common\commonmoduels\debug\moc_ccontrolpoint.obj
d:\datastructureqt\2023\no.13\common\commonmoduels\debug\moc_selectionsort.obj
d:\datastructureqt\2023\no.13\common\commonmoduels\debug\cfileserializergexf.obj
d:\datastructureqt\2023\no.13\common\commonmoduels\debug\csimpleundomanager.obj
d:\datastructureqt\2023\no.13\common\commonmoduels\debug\ccontrolpoint.obj
d:\datastructureqt\2023\no.13\common\commonmoduels\debug\cformatgraphml.obj
d:\datastructureqt\2023\no.13\common\commonmoduels\debug\cutils.obj
d:\datastructureqt\2023\no.13\common\commonmoduels\debug\cdiffundomanager.obj
d:\datastructureqt\2023\no.13\common\commonmoduels\debug\cgraphinterface.obj
d:\datastructureqt\2023\no.13\common\commonmoduels\debug\sortobejct.obj
d:\datastructureqt\2023\no.13\common\commonmoduels\debug\ceditorscene_p.obj
d:\datastructureqt\2023\no.13\common\commonmoduels\debug\cimageexport.obj
d:\datastructureqt\2023\no.13\common\commonmoduels\debug\sortcreator.obj
d:\datastructureqt\2023\no.13\common\commonmoduels\debug\ceditorscene.obj
d:\datastructureqt\2023\no.13\common\commonmoduels\debug\ctextlabeledit.obj
d:\datastructureqt\2023\no.13\common\commonmoduels\debug\cfileserializercsv.obj
d:\datastructureqt\2023\no.13\common\commonmoduels\debug\cpolyedge.obj
d:\datastructureqt\2023\no.13\common\commonmoduels\debug\cfileserializerdot.obj
d:\datastructureqt\2023\no.13\common\commonmoduels\debug\cnodeeditorscene.obj
d:\datastructureqt\2023\no.13\common\commonmoduels\debug\bubblesort.obj
d:\datastructureqt\2023\no.13\common\commonmoduels\debug\cformatdot.obj
d:\datastructureqt\2023\no.13\common\commonmoduels\debug\ctransformrect.obj
d:\datastructureqt\2023\no.13\common\commonmoduels\debug\cfileserializerplaindot.obj
d:\datastructureqt\2023\no.13\common\commonmoduels\debug\cnodesceneactions.obj
d:\datastructureqt\2023\no.13\common\commonmoduels\debug\cedge.obj
d:\datastructureqt\2023\no.13\common\commonmoduels\debug\cnode.obj
d:\datastructureqt\2023\no.13\common\commonmoduels\debug\cattribute.obj
d:\datastructureqt\2023\no.13\common\commonmoduels\debug\cformatplaindot.obj
d:\datastructureqt\2023\no.13\common\commonmoduels\debug\quicksort.obj
d:\datastructureqt\2023\no.13\common\commonmoduels\debug\cfileserializergraphml.obj
d:\datastructureqt\2023\no.13\common\commonmoduels\debug\cpdfexport.obj
d:\datastructureqt\2023\no.13\common\commonmoduels\debug\cfileserializerxgr.obj
d:\datastructureqt\2023\no.13\common\commonmoduels\debug\cgraphbase.obj
d:\datastructureqt\2023\no.13\common\commonmoduels\debug\selectionsort.obj
d:\datastructureqt\2023\no.13\common\commonmoduels\debug\cdirectedge.obj
d:\datastructureqt\2023\no.13\common\commonmoduels\debug\cnodeport.obj
d:\datastructureqt\2023\no.13\common\commonmoduels\debug\ceditorsceneactions.obj
d:\datastructureqt\2023\no.13\common\commonmoduels\debug\citem.obj
d:\datastructureqt\2023\no.13\common\commonmoduels\debug\ceditorview.obj
d:\datastructureqt\2023\no.13\common\commonmoduels\debug\csvgexport.obj
d:\datastructureqt\2023\no.13\common\commonmoduels\debug\commonmoduels.pdb
d:\datastructureqt\2023\no.13\common\commonmoduels\debug\moc_quicksort.cpp
d:\datastructureqt\2023\no.13\common\commonmoduels\debug\moc_bubblesort.cpp
d:\datastructureqt\2023\no.13\common\commonmoduels\debug\moc_sortobejct.cpp
d:\datastructureqt\2023\no.13\common\commonmoduels\debug\moc_sortcreator.cpp
d:\datastructureqt\2023\no.13\common\commonmoduels\debug\moc_selectionsort.cpp
d:\datastructureqt\2023\no.13\common\commonmoduels\debug\moc_cnodeeditorscene.cpp
d:\datastructureqt\2023\no.13\common\commonmoduels\debug\moc_ctransformrect.cpp
d:\datastructureqt\2023\no.13\common\commonmoduels\debug\moc_ctextlabeledit.cpp
d:\datastructureqt\2023\no.13\common\commonmoduels\debug\moc_cnodesceneactions.cpp
d:\datastructureqt\2023\no.13\common\commonmoduels\debug\moc_ceditorview.cpp
d:\datastructureqt\2023\no.13\common\commonmoduels\debug\moc_ceditorscene.cpp
d:\datastructureqt\2023\no.13\common\commonmoduels\debug\moc_ccontrolpoint.cpp
d:\datastructureqt\2023\no.13\common\commonmoduels\debug\moc_predefs.h
d:\datastructureqt\2023\no.13\lib.debug\commonmoduels.lib
d:\datastructureqt\2023\no.13\common\commonmoduels\..\..\lib.debug\commonmoduels.lib
d:\datastructureqt\2023\no.13\common\commonmoduels\debug\commonmoduels.tlog\cl.10164.write.1.tlog
d:\datastructureqt\2023\no.13\common\commonmoduels\debug\commonmoduels.tlog\cl.command.1.tlog
d:\datastructureqt\2023\no.13\common\commonmoduels\debug\commonmoduels.tlog\cl.read.1.tlog
d:\datastructureqt\2023\no.13\common\commonmoduels\debug\commonmoduels.tlog\commonmoduels.write.1u.tlog
d:\datastructureqt\2023\no.13\common\commonmoduels\debug\commonmoduels.tlog\custombuild.command.1.tlog
d:\datastructureqt\2023\no.13\common\commonmoduels\debug\commonmoduels.tlog\custombuild.read.1.tlog
d:\datastructureqt\2023\no.13\common\commonmoduels\debug\commonmoduels.tlog\custombuild.write.1.tlog
d:\datastructureqt\2023\no.13\common\commonmoduels\debug\commonmoduels.tlog\lib-link.read.1.tlog
d:\datastructureqt\2023\no.13\common\commonmoduels\debug\commonmoduels.tlog\lib-link.write.1.tlog
d:\datastructureqt\2023\no.13\common\commonmoduels\debug\commonmoduels.tlog\lib.command.1.tlog
d:\datastructureqt\2023\no.13\common\commonmoduels\debug\commonmoduels.tlog\moc.read.1u.tlog
d:\datastructureqt\2023\no.13\common\commonmoduels\debug\commonmoduels.tlog\moc.write.1u.tlog
