C:\Program Files (x86)\Microsoft Visual Studio\2017\Community\Common7\IDE\VC\VCTargets\Microsoft.CppBuild.targets(391,5): warning MSB8028: 中间目录(debug\)包含从另一个项目(qvgeapp.vcxproj)共享的文件。   这会导致错误的清除和重新生成行为。
  Generate moc_predefs.h
  qvgeMainWindow.cpp
d:\newfile\avltree\binarytreesearch\src\appbase\cmainwindow.h(96): warning C4100: “docType”: 未引用的形参
d:\newfile\avltree\binarytreesearch\src\appbase\cmainwindow.h(100): warning C4100: “docType”: 未引用的形参
d:\newfile\avltree\binarytreesearch\src\appbase\cmainwindow.h(100): warning C4100: “fileName”: 未引用的形参
d:\newfile\avltree\binarytreesearch\src\appbase\cmainwindow.h(103): warning C4100: “filter”: 未引用的形参
d:\newfile\avltree\binarytreesearch\src\appbase\cmainwindow.h(103): warning C4100: “title”: 未引用的形参
d:\newfile\avltree\binarytreesearch\src\appbase\cmainwindow.h(105): warning C4100: “docType”: 未引用的形参
d:\newfile\avltree\binarytreesearch\src\appbase\cmainwindow.h(105): warning C4100: “selectedFilter”: 未引用的形参
d:\newfile\avltree\binarytreesearch\src\appbase\cmainwindow.h(105): warning C4100: “fileName”: 未引用的形参
  qrc_qvgeapp.cpp
  moc_qvgeMainWindow.cpp
d:\newfile\avltree\binarytreesearch\src\appbase\cmainwindow.h(96): warning C4100: “docType”: 未引用的形参
d:\newfile\avltree\binarytreesearch\src\appbase\cmainwindow.h(100): warning C4100: “docType”: 未引用的形参
d:\newfile\avltree\binarytreesearch\src\appbase\cmainwindow.h(100): warning C4100: “fileName”: 未引用的形参
d:\newfile\avltree\binarytreesearch\src\appbase\cmainwindow.h(103): warning C4100: “filter”: 未引用的形参
d:\newfile\avltree\binarytreesearch\src\appbase\cmainwindow.h(103): warning C4100: “title”: 未引用的形参
d:\newfile\avltree\binarytreesearch\src\appbase\cmainwindow.h(105): warning C4100: “docType”: 未引用的形参
d:\newfile\avltree\binarytreesearch\src\appbase\cmainwindow.h(105): warning C4100: “selectedFilter”: 未引用的形参
d:\newfile\avltree\binarytreesearch\src\appbase\cmainwindow.h(105): warning C4100: “fileName”: 未引用的形参
  qvgeapp.vcxproj -> D:\newFile\AVLTree\BinaryTreeSearch\src\qvgeapp\..\bin.debug\qvgeapp.exe
