d:\binarytreesearch(1)\binarytreesearch\src\baseapp\debug\qrc_qvgeapp.cpp
d:\binarytreesearch(1)\binarytreesearch\src\baseapp\debug\moc_basemainwindow.cpp
d:\binarytreesearch(1)\binarytreesearch\src\baseapp\debug\vc143.pdb
d:\binarytreesearch(1)\binarytreesearch\src\baseapp\debug\qrc_qvgeapp.obj
d:\binarytreesearch(1)\binarytreesearch\src\baseapp\debug\main.obj
d:\binarytreesearch(1)\binarytreesearch\src\baseapp\debug\basemainwindow.obj
d:\binarytreesearch(1)\binarytreesearch\src\baseapp\debug\moc_basemainwindow.obj
d:\binarytreesearch(1)\binarytreesearch\src\baseapp\debug\moc_predefs.h
d:\binarytreesearch(1)\binarytreesearch\src\bin.debug\qvgeapp.exe
d:\binarytreesearch(1)\binarytreesearch\src\bin.debug\qvgeapp.ilk
d:\binarytreesearch(1)\binarytreesearch\src\bin.debug\qvgeapp.pdb
d:\binarytreesearch(1)\binarytreesearch\src\baseapp\debug\qvgeapp_resource.res
d:\binarytreesearch(1)\binarytreesearch\src\baseapp\debug\baseapp.tlog\baseapp.write.1u.tlog
d:\binarytreesearch(1)\binarytreesearch\src\baseapp\debug\baseapp.tlog\cl.command.1.tlog
d:\binarytreesearch(1)\binarytreesearch\src\baseapp\debug\baseapp.tlog\cl.read.1.tlog
d:\binarytreesearch(1)\binarytreesearch\src\baseapp\debug\baseapp.tlog\cl.write.1.tlog
d:\binarytreesearch(1)\binarytreesearch\src\baseapp\debug\baseapp.tlog\custombuild.command.1.tlog
d:\binarytreesearch(1)\binarytreesearch\src\baseapp\debug\baseapp.tlog\custombuild.read.1.tlog
d:\binarytreesearch(1)\binarytreesearch\src\baseapp\debug\baseapp.tlog\custombuild.write.1.tlog
d:\binarytreesearch(1)\binarytreesearch\src\baseapp\debug\baseapp.tlog\link.command.1.tlog
d:\binarytreesearch(1)\binarytreesearch\src\baseapp\debug\baseapp.tlog\link.read.1.tlog
d:\binarytreesearch(1)\binarytreesearch\src\baseapp\debug\baseapp.tlog\link.write.1.tlog
d:\binarytreesearch(1)\binarytreesearch\src\baseapp\debug\baseapp.tlog\moc.read.1u.tlog
d:\binarytreesearch(1)\binarytreesearch\src\baseapp\debug\baseapp.tlog\moc.write.1u.tlog
d:\binarytreesearch(1)\binarytreesearch\src\baseapp\debug\baseapp.tlog\rc.command.1.tlog
d:\binarytreesearch(1)\binarytreesearch\src\baseapp\debug\baseapp.tlog\rc.read.1.tlog
d:\binarytreesearch(1)\binarytreesearch\src\baseapp\debug\baseapp.tlog\rc.write.1.tlog
d:\binarytreesearch(1)\binarytreesearch\src\baseapp\debug\baseapp.tlog\rcc.read.1u.tlog
d:\binarytreesearch(1)\binarytreesearch\src\baseapp\debug\baseapp.tlog\rcc.write.1u.tlog
