c:\users\28190\source\repos\07graph\common\commonmoduels\debug\ceditorscene.obj
c:\users\28190\source\repos\07graph\common\commonmoduels\debug\ctransformrect.obj
c:\users\28190\source\repos\07graph\common\commonmoduels\debug\ccontrolpoint.obj
c:\users\28190\source\repos\07graph\common\commonmoduels\debug\cgraphinterface.obj
c:\users\28190\source\repos\07graph\common\commonmoduels\debug\ceditorsceneactions.obj
c:\users\28190\source\repos\07graph\common\commonmoduels\debug\cpdfexport.obj
c:\users\28190\source\repos\07graph\common\commonmoduels\debug\cdirectedge.obj
c:\users\28190\source\repos\07graph\common\commonmoduels\debug\cimageexport.obj
c:\users\28190\source\repos\07graph\common\commonmoduels\debug\cformatdot.obj
c:\users\28190\source\repos\07graph\common\commonmoduels\debug\cformatplaindot.obj
c:\users\28190\source\repos\07graph\common\commonmoduels\debug\cutils.obj
c:\users\28190\source\repos\07graph\common\commonmoduels\debug\ceditorscene_p.obj
c:\users\28190\source\repos\07graph\common\commonmoduels\debug\citem.obj
c:\users\28190\source\repos\07graph\common\commonmoduels\debug\cfileserializergexf.obj
c:\users\28190\source\repos\07graph\common\commonmoduels\debug\cpolyedge.obj
c:\users\28190\source\repos\07graph\common\commonmoduels\debug\cfileserializerplaindot.obj
c:\users\28190\source\repos\07graph\common\commonmoduels\debug\cnodeport.obj
c:\users\28190\source\repos\07graph\common\commonmoduels\debug\ceditorview.obj
c:\users\28190\source\repos\07graph\common\commonmoduels\debug\ctextlabeledit.obj
c:\users\28190\source\repos\07graph\common\commonmoduels\debug\cfileserializergraphml.obj
c:\users\28190\source\repos\07graph\common\commonmoduels\debug\cnodeeditorscene.obj
c:\users\28190\source\repos\07graph\common\commonmoduels\debug\cfileserializercsv.obj
c:\users\28190\source\repos\07graph\common\commonmoduels\debug\cnodesceneactions.obj
c:\users\28190\source\repos\07graph\common\commonmoduels\debug\cdiffundomanager.obj
c:\users\28190\source\repos\07graph\common\commonmoduels\debug\cnode.obj
c:\users\28190\source\repos\07graph\common\commonmoduels\debug\cfileserializerxgr.obj
c:\users\28190\source\repos\07graph\common\commonmoduels\debug\cgraphbase.obj
c:\users\28190\source\repos\07graph\common\commonmoduels\debug\cedge.obj
c:\users\28190\source\repos\07graph\common\commonmoduels\debug\csimpleundomanager.obj
c:\users\28190\source\repos\07graph\common\commonmoduels\debug\cfileserializerdot.obj
c:\users\28190\source\repos\07graph\common\commonmoduels\debug\csvgexport.obj
c:\users\28190\source\repos\07graph\common\commonmoduels\debug\cattribute.obj
c:\users\28190\source\repos\07graph\common\commonmoduels\debug\cformatgraphml.obj
c:\users\28190\source\repos\07graph\common\commonmoduels\debug\commonmoduels.pdb
c:\users\28190\source\repos\07graph\common\commonmoduels\debug\moc_ceditorscene.obj
c:\users\28190\source\repos\07graph\common\commonmoduels\debug\moc_ccontrolpoint.obj
c:\users\28190\source\repos\07graph\common\commonmoduels\debug\moc_cnodesceneactions.obj
c:\users\28190\source\repos\07graph\common\commonmoduels\debug\moc_ceditorview.obj
c:\users\28190\source\repos\07graph\common\commonmoduels\debug\moc_cnodeeditorscene.obj
c:\users\28190\source\repos\07graph\common\commonmoduels\debug\moc_ctransformrect.obj
c:\users\28190\source\repos\07graph\common\commonmoduels\debug\moc_ctextlabeledit.obj
c:\users\28190\source\repos\07graph\common\commonmoduels\debug\moc_cnodeeditorscene.cpp
c:\users\28190\source\repos\07graph\common\commonmoduels\debug\moc_ctransformrect.cpp
c:\users\28190\source\repos\07graph\common\commonmoduels\debug\moc_ctextlabeledit.cpp
c:\users\28190\source\repos\07graph\common\commonmoduels\debug\moc_cnodesceneactions.cpp
c:\users\28190\source\repos\07graph\common\commonmoduels\debug\moc_ceditorview.cpp
c:\users\28190\source\repos\07graph\common\commonmoduels\debug\moc_ceditorscene.cpp
c:\users\28190\source\repos\07graph\common\commonmoduels\debug\moc_ccontrolpoint.cpp
c:\users\28190\source\repos\07graph\common\commonmoduels\debug\moc_predefs.h
c:\users\28190\source\repos\07graph\lib.debug\commonmoduels.lib
c:\users\28190\source\repos\07graph\common\commonmoduels\..\..\lib.debug\commonmoduels.lib
c:\users\28190\source\repos\07graph\common\commonmoduels\debug\commonmoduels.tlog\cl.10028.write.1.tlog
c:\users\28190\source\repos\07graph\common\commonmoduels\debug\commonmoduels.tlog\cl.command.1.tlog
c:\users\28190\source\repos\07graph\common\commonmoduels\debug\commonmoduels.tlog\cl.read.1.tlog
c:\users\28190\source\repos\07graph\common\commonmoduels\debug\commonmoduels.tlog\commonmoduels.write.1u.tlog
c:\users\28190\source\repos\07graph\common\commonmoduels\debug\commonmoduels.tlog\custombuild.command.1.tlog
c:\users\28190\source\repos\07graph\common\commonmoduels\debug\commonmoduels.tlog\custombuild.read.1.tlog
c:\users\28190\source\repos\07graph\common\commonmoduels\debug\commonmoduels.tlog\custombuild.write.1.tlog
c:\users\28190\source\repos\07graph\common\commonmoduels\debug\commonmoduels.tlog\lib-link.write.1.tlog
c:\users\28190\source\repos\07graph\common\commonmoduels\debug\commonmoduels.tlog\lib.command.1.tlog
c:\users\28190\source\repos\07graph\common\commonmoduels\debug\commonmoduels.tlog\lib.read.1.tlog
c:\users\28190\source\repos\07graph\common\commonmoduels\debug\commonmoduels.tlog\moc.read.1u.tlog
c:\users\28190\source\repos\07graph\common\commonmoduels\debug\commonmoduels.tlog\moc.write.1u.tlog
