d:\datastructureqt\2023\no.13\common\commonui\debug\cplatformwin32.obj
d:\datastructureqt\2023\no.13\common\commonui\debug\ccommutationtable.obj
d:\datastructureqt\2023\no.13\common\commonui\debug\cplatformservices.obj
d:\datastructureqt\2023\no.13\common\commonui\debug\csceneoptionsdialog.obj
d:\datastructureqt\2023\no.13\common\commonui\debug\cnewattributedialog.obj
d:\datastructureqt\2023\no.13\common\commonui\debug\qlistnode.obj
d:\datastructureqt\2023\no.13\common\commonui\debug\cmainwindow.obj
d:\datastructureqt\2023\no.13\common\commonui\debug\cimportexportuicontroller.obj
d:\datastructureqt\2023\no.13\common\commonui\debug\cgvgraphlayoutuicontroller.obj
d:\datastructureqt\2023\no.13\common\commonui\debug\cclassattributeseditorui.obj
d:\datastructureqt\2023\no.13\common\commonui\debug\cnodeedgepropertiesui.obj
d:\datastructureqt\2023\no.13\common\commonui\debug\cdotexportdialog.obj
d:\datastructureqt\2023\no.13\common\commonui\debug\cnodeporteditordialog.obj
d:\datastructureqt\2023\no.13\common\commonui\debug\cattributeseditorui.obj
d:\datastructureqt\2023\no.13\common\commonui\debug\cnodesfactordialog.obj
d:\datastructureqt\2023\no.13\common\commonui\debug\cextlistinputdialog.obj
d:\datastructureqt\2023\no.13\common\commonui\debug\highlighter.obj
d:\datastructureqt\2023\no.13\common\commonui\debug\cimageexportdialog.obj
d:\datastructureqt\2023\no.13\common\commonui\debug\csearchdialog.obj
d:\datastructureqt\2023\no.13\common\commonui\debug\ceasytablewidget.obj
d:\datastructureqt\2023\no.13\common\commonui\debug\cpropertyeditoruibase.obj
d:\datastructureqt\2023\no.13\common\commonui\debug\ccolorschemesuicontroller.obj
d:\datastructureqt\2023\no.13\common\commonui\debug\cscenemenuuicontroller.obj
d:\datastructureqt\2023\no.13\common\commonui\debug\ccsvimportdialog.obj
d:\datastructureqt\2023\no.13\common\commonui\debug\cquickhelpui.obj
d:\datastructureqt\2023\no.13\common\commonui\debug\ccreatetreedialog.obj
d:\datastructureqt\2023\no.13\common\commonui\ui_cattributeseditorui.h
d:\datastructureqt\2023\no.13\common\commonui\ui_cclassattributeseditorui.h
d:\datastructureqt\2023\no.13\common\commonui\ui_ccommutationtable.h
d:\datastructureqt\2023\no.13\common\commonui\ui_ccreatetreedialog.h
d:\datastructureqt\2023\no.13\common\commonui\ui_ccsvimportdialog.h
d:\datastructureqt\2023\no.13\common\commonui\ui_cdotexportdialog.h
d:\datastructureqt\2023\no.13\common\commonui\ui_cextlistinputdialog.h
d:\datastructureqt\2023\no.13\common\commonui\ui_cimageexportdialog.h
d:\datastructureqt\2023\no.13\common\commonui\ui_clinklisteditorui.h
d:\datastructureqt\2023\no.13\common\commonui\ui_cnewattributedialog.h
d:\datastructureqt\2023\no.13\common\commonui\ui_cnodeedgepropertiesui.h
d:\datastructureqt\2023\no.13\common\commonui\ui_cnodeporteditordialog.h
d:\datastructureqt\2023\no.13\common\commonui\ui_cnodesfactordialog.h
d:\datastructureqt\2023\no.13\common\commonui\ui_cquickhelpui.h
d:\datastructureqt\2023\no.13\common\commonui\ui_csceneoptionsdialog.h
d:\datastructureqt\2023\no.13\common\commonui\ui_csearchdialog.h
d:\datastructureqt\2023\no.13\common\commonui\ui_painterdemo.h
d:\datastructureqt\2023\no.13\common\commonui\ui_qtwidgetsclass.h
d:\datastructureqt\2023\no.13\common\commonui\debug\qrc_appbase.cpp
d:\datastructureqt\2023\no.13\common\commonui\debug\qrc_commonui.cpp
d:\datastructureqt\2023\no.13\common\commonui\debug\moc_highlighter.cpp
d:\datastructureqt\2023\no.13\common\commonui\debug\moc_ccreatetreedialog.cpp
d:\datastructureqt\2023\no.13\common\commonui\debug\moc_ccsvimportdialog.cpp
d:\datastructureqt\2023\no.13\common\commonui\debug\moc_cdotexportdialog.cpp
d:\datastructureqt\2023\no.13\common\commonui\debug\moc_cimageexportdialog.cpp
d:\datastructureqt\2023\no.13\common\commonui\debug\moc_cimportexportuicontroller.cpp
d:\datastructureqt\2023\no.13\common\commonui\debug\moc_cmainwindow.cpp
d:\datastructureqt\2023\no.13\common\commonui\debug\moc_cattributeseditorui.cpp
d:\datastructureqt\2023\no.13\common\commonui\debug\moc_cclassattributeseditorui.cpp
d:\datastructureqt\2023\no.13\common\commonui\debug\moc_ccolorschemesuicontroller.cpp
d:\datastructureqt\2023\no.13\common\commonui\debug\moc_ccommutationtable.cpp
d:\datastructureqt\2023\no.13\common\commonui\debug\moc_cextlistinputdialog.cpp
d:\datastructureqt\2023\no.13\common\commonui\debug\moc_cgvgraphlayoutuicontroller.cpp
d:\datastructureqt\2023\no.13\common\commonui\debug\moc_cnewattributedialog.cpp
d:\datastructureqt\2023\no.13\common\commonui\debug\moc_cnodeedgepropertiesui.cpp
d:\datastructureqt\2023\no.13\common\commonui\debug\moc_cnodeeditoruicontroller.cpp
d:\datastructureqt\2023\no.13\common\commonui\debug\moc_cnodeporteditordialog.cpp
d:\datastructureqt\2023\no.13\common\commonui\debug\moc_cnodesfactordialog.cpp
d:\datastructureqt\2023\no.13\common\commonui\debug\moc_cpropertyeditoruibase.cpp
d:\datastructureqt\2023\no.13\common\commonui\debug\moc_cquickhelpui.cpp
d:\datastructureqt\2023\no.13\common\commonui\debug\moc_cscenemenuuicontroller.cpp
d:\datastructureqt\2023\no.13\common\commonui\debug\moc_csceneoptionsdialog.cpp
d:\datastructureqt\2023\no.13\common\commonui\debug\moc_csearchdialog.cpp
d:\datastructureqt\2023\no.13\common\commonui\debug\moc_predefs.h
d:\datastructureqt\2023\no.13\common\commonui\debug\commonui.pdb
d:\datastructureqt\2023\no.13\common\commonui\debug\commonui.tlog\cl.15208.write.1.tlog
d:\datastructureqt\2023\no.13\common\commonui\debug\commonui.tlog\cl.command.1.tlog
d:\datastructureqt\2023\no.13\common\commonui\debug\commonui.tlog\cl.read.1.tlog
d:\datastructureqt\2023\no.13\common\commonui\debug\commonui.tlog\commonui.write.1u.tlog
d:\datastructureqt\2023\no.13\common\commonui\debug\commonui.tlog\custombuild.command.1.tlog
d:\datastructureqt\2023\no.13\common\commonui\debug\commonui.tlog\custombuild.read.1.tlog
d:\datastructureqt\2023\no.13\common\commonui\debug\commonui.tlog\custombuild.write.1.tlog
d:\datastructureqt\2023\no.13\common\commonui\debug\commonui.tlog\moc.read.1u.tlog
d:\datastructureqt\2023\no.13\common\commonui\debug\commonui.tlog\moc.write.1u.tlog
d:\datastructureqt\2023\no.13\common\commonui\debug\commonui.tlog\rcc.read.1u.tlog
d:\datastructureqt\2023\no.13\common\commonui\debug\commonui.tlog\rcc.write.1u.tlog
d:\datastructureqt\2023\no.13\common\commonui\debug\commonui.tlog\uic.read.1u.tlog
d:\datastructureqt\2023\no.13\common\commonui\debug\commonui.tlog\uic.write.1u.tlog
